<?xml version="1.0" encoding="UTF-8"?>
<testsuite xmlns:xsi="http://www.w3.org/2001/XMLSchema-instance" xsi:noNamespaceSchemaLocation="https://maven.apache.org/surefire/maven-surefire-plugin/xsd/surefire-test-report.xsd" version="3.0.2" name="TestSuite" time="26.43" tests="1" errors="0" skipped="0" failures="0">
  <properties>
[...]
</properties>
  <testcase name="createFundManager" classname="testCases.TC_005_BSKT_CreateFundManagerTest" time="13.214">
    <system-out><![CDATA[2025-03-13T19:14:50.455217800Z main INFO Starting configuration XmlConfiguration[location=C:\Users\Investobull-dev\eclipse-workspace\Seleniumwebdriver\investobullV201\target\test-classes\log4j2.xml, lastModified=2025-03-06T08:19:52.967Z]...
2025-03-13T19:14:50.462199900Z main INFO Start watching for changes to C:\Users\Investobull-dev\eclipse-workspace\Seleniumwebdriver\investobullV201\target\test-classes\log4j2.xml every 0 seconds
2025-03-13T19:14:50.464195400Z main INFO Configuration XmlConfiguration[location=C:\Users\Investobull-dev\eclipse-workspace\Seleniumwebdriver\investobullV201\target\test-classes\log4j2.xml, lastModified=2025-03-06T08:19:52.967Z] started.
2025-03-13T19:14:50.473421200Z main INFO Stopping configuration org.apache.logging.log4j.core.config.DefaultConfiguration@470f1802...
2025-03-13T19:14:50.474417400Z main INFO Configuration org.apache.logging.log4j.core.config.DefaultConfiguration@470f1802 stopped.
]]></system-out>
    <system-err><![CDATA[Mar 14, 2025 12:44:55 AM org.openqa.selenium.devtools.CdpVersionFinder findNearestMatch
WARNING: Unable to find an exact match for CDP version 134, returning the closest version; found: 133; Please update to a Selenium version that supports CDP version 134
]]></system-err>
  </testcase>
</testsuite>