<?xml version="1.0" encoding="UTF-8"?>
<testng-results ignored="0" total="1" passed="1" failed="0" skipped="0">
  <reporter-output>
  </reporter-output>
  <suite started-at="2025-03-18T00:10:39 IST" name="Master Suite" finished-at="2025-03-18T00:10:56 IST" duration-ms="17523">
    <groups>
    </groups>
    <test started-at="2025-03-18T00:10:39 IST" name="Test" finished-at="2025-03-18T00:10:56 IST" duration-ms="17523">
      <class name="testCases.TC_010_BSKT_AdminApprovesBasketTest">
        <test-method is-config="true" signature="setup(java.lang.String,java.lang.String)[pri:0, instance:testCases.TC_010_BSKT_AdminApprovesBasketTest@22295ec4]" started-at="2025-03-18T00:10:39 IST" name="setup" finished-at="2025-03-18T00:10:43 IST" duration-ms="4204" status="PASS">
          <params>
            <param index="0">
              <value>
                <![CDATA[Windows]]>
              </value>
            </param>
            <param index="1">
              <value>
                <![CDATA[chrome]]>
              </value>
            </param>
          </params>
          <reporter-output>
          </reporter-output>
        </test-method> <!-- setup -->
        <test-method signature="aprovePendingBasket()[pri:0, instance:testCases.TC_010_BSKT_AdminApprovesBasketTest@22295ec4]" started-at="2025-03-18T00:10:43 IST" name="aprovePendingBasket" finished-at="2025-03-18T00:10:56 IST" duration-ms="12716" status="PASS">
          <reporter-output>
          </reporter-output>
        </test-method> <!-- aprovePendingBasket -->
        <test-method is-config="true" signature="tearDown()[pri:0, instance:testCases.TC_010_BSKT_AdminApprovesBasketTest@22295ec4]" started-at="2025-03-18T00:10:56 IST" name="tearDown" finished-at="2025-03-18T00:10:56 IST" duration-ms="197" status="PASS">
          <reporter-output>
          </reporter-output>
        </test-method> <!-- tearDown -->
      </class> <!-- testCases.TC_010_BSKT_AdminApprovesBasketTest -->
    </test> <!-- Test -->
  </suite> <!-- Master Suite -->
</testng-results>
