<?xml version="1.0" encoding="UTF-8"?>
<testng-results ignored="0" total="1" passed="1" failed="0" skipped="0">
  <reporter-output>
  </reporter-output>
  <suite started-at="2025-03-28T16:39:52 IST" name="SingleTestSuite" finished-at="2025-03-28T16:40:24 IST" duration-ms="31574">
    <groups>
    </groups>
    <test started-at="2025-03-28T16:39:52 IST" name="Test" finished-at="2025-03-28T16:40:24 IST" duration-ms="31574">
      <class name="testCases.TC_025_SortBasketsByCAGRTest">
        <test-method is-config="true" signature="setup(java.lang.String,java.lang.String)[pri:0, instance:testCases.TC_025_SortBasketsByCAGRTest@512535ff]" started-at="2025-03-28T16:39:53 IST" name="setup" finished-at="2025-03-28T16:40:00 IST" duration-ms="7625" status="PASS">
          <params>
            <param index="0">
              <value>
                <![CDATA[Windows]]>
              </value>
            </param>
            <param index="1">
              <value>
                <![CDATA[chrome]]>
              </value>
            </param>
          </params>
          <reporter-output>
          </reporter-output>
        </test-method> <!-- setup -->
        <test-method signature="testSortBasketsByCAGR()[pri:0, instance:testCases.TC_025_SortBasketsByCAGRTest@512535ff]" started-at="2025-03-28T16:40:00 IST" name="testSortBasketsByCAGR" finished-at="2025-03-28T16:40:23 IST" duration-ms="22285" status="PASS">
          <reporter-output>
          </reporter-output>
        </test-method> <!-- testSortBasketsByCAGR -->
        <test-method is-config="true" signature="tearDown()[pri:0, instance:testCases.TC_025_SortBasketsByCAGRTest@512535ff]" started-at="2025-03-28T16:40:23 IST" name="tearDown" finished-at="2025-03-28T16:40:24 IST" duration-ms="1070" status="PASS">
          <reporter-output>
          </reporter-output>
        </test-method> <!-- tearDown -->
      </class> <!-- testCases.TC_025_SortBasketsByCAGRTest -->
    </test> <!-- Test -->
  </suite> <!-- SingleTestSuite -->
</testng-results>
