<?xml version="1.0" encoding="UTF-8"?>
<testng-results ignored="0" total="1" passed="1" failed="0" skipped="0">
  <reporter-output>
  </reporter-output>
  <suite started-at="2025-03-15T17:39:01 IST" name="Master Suite" finished-at="2025-03-15T17:39:17 IST" duration-ms="15366">
    <groups>
    </groups>
    <test started-at="2025-03-15T17:39:01 IST" name="Test" finished-at="2025-03-15T17:39:17 IST" duration-ms="15366">
      <class name="testCases.TC_007_BSKT_InvalidPhoneNumberTest">
        <test-method is-config="true" signature="setup(java.lang.String,java.lang.String)[pri:0, instance:testCases.TC_007_BSKT_InvalidPhoneNumberTest@22295ec4]" started-at="2025-03-15T17:39:02 IST" name="setup" finished-at="2025-03-15T17:39:08 IST" duration-ms="6367" status="PASS">
          <params>
            <param index="0">
              <value>
                <![CDATA[Windows]]>
              </value>
            </param>
            <param index="1">
              <value>
                <![CDATA[chrome]]>
              </value>
            </param>
          </params>
          <reporter-output>
          </reporter-output>
        </test-method> <!-- setup -->
        <test-method signature="createFundManagerWithInvalidPhoneNumber()[pri:0, instance:testCases.TC_007_BSKT_InvalidPhoneNumberTest@22295ec4]" started-at="2025-03-15T17:39:08 IST" name="createFundManagerWithInvalidPhoneNumber" finished-at="2025-03-15T17:39:16 IST" duration-ms="8230" status="PASS">
          <reporter-output>
          </reporter-output>
        </test-method> <!-- createFundManagerWithInvalidPhoneNumber -->
        <test-method is-config="true" signature="tearDown()[pri:0, instance:testCases.TC_007_BSKT_InvalidPhoneNumberTest@22295ec4]" started-at="2025-03-15T17:39:16 IST" name="tearDown" finished-at="2025-03-15T17:39:17 IST" duration-ms="247" status="PASS">
          <reporter-output>
          </reporter-output>
        </test-method> <!-- tearDown -->
      </class> <!-- testCases.TC_007_BSKT_InvalidPhoneNumberTest -->
    </test> <!-- Test -->
  </suite> <!-- Master Suite -->
</testng-results>
