<?xml version="1.0" encoding="UTF-8"?>
<testng-results ignored="0" total="1" passed="1" failed="0" skipped="0">
  <reporter-output>
  </reporter-output>
  <suite started-at="2025-03-29T14:43:16 IST" name="SingleTestSuite" finished-at="2025-03-29T14:43:31 IST" duration-ms="14726">
    <groups>
    </groups>
    <test started-at="2025-03-29T14:43:16 IST" name="Test" finished-at="2025-03-29T14:43:31 IST" duration-ms="14726">
      <class name="testCases.TC_034_ValidateImageUploadFundManagerTest">
        <test-method is-config="true" signature="setup(java.lang.String,java.lang.String)[pri:0, instance:testCases.TC_034_ValidateImageUploadFundManagerTest@512535ff]" started-at="2025-03-29T14:43:16 IST" name="setup" finished-at="2025-03-29T14:43:22 IST" duration-ms="5730" status="PASS">
          <params>
            <param index="0">
              <value>
                <![CDATA[Windows]]>
              </value>
            </param>
            <param index="1">
              <value>
                <![CDATA[chrome]]>
              </value>
            </param>
          </params>
          <reporter-output>
          </reporter-output>
        </test-method> <!-- setup -->
        <test-method signature="testValidateImageUploadForFundManager()[pri:0, instance:testCases.TC_034_ValidateImageUploadFundManagerTest@512535ff]" started-at="2025-03-29T14:43:22 IST" name="testValidateImageUploadForFundManager" finished-at="2025-03-29T14:43:30 IST" duration-ms="8058" status="PASS">
          <reporter-output>
          </reporter-output>
        </test-method> <!-- testValidateImageUploadForFundManager -->
        <test-method is-config="true" signature="tearDown()[pri:0, instance:testCases.TC_034_ValidateImageUploadFundManagerTest@512535ff]" started-at="2025-03-29T14:43:30 IST" name="tearDown" finished-at="2025-03-29T14:43:31 IST" duration-ms="508" status="PASS">
          <reporter-output>
          </reporter-output>
        </test-method> <!-- tearDown -->
      </class> <!-- testCases.TC_034_ValidateImageUploadFundManagerTest -->
    </test> <!-- Test -->
  </suite> <!-- SingleTestSuite -->
</testng-results>
