<?xml version="1.0" encoding="UTF-8"?>
<testng-results ignored="0" total="1" passed="1" failed="0" skipped="0">
  <reporter-output>
  </reporter-output>
  <suite started-at="2025-03-12T19:20:53 IST" name="Master Suite" finished-at="2025-03-12T19:21:11 IST" duration-ms="17927">
    <groups>
    </groups>
    <test started-at="2025-03-12T19:20:53 IST" name="Test" finished-at="2025-03-12T19:21:11 IST" duration-ms="17927">
      <class name="testCases.TC_005_BSKT_CreateFundManagerTest">
        <test-method is-config="true" signature="setup(java.lang.String,java.lang.String)[pri:0, instance:testCases.TC_005_BSKT_CreateFundManagerTest@5adb0db3]" started-at="2025-03-12T19:20:54 IST" name="setup" finished-at="2025-03-12T19:21:00 IST" duration-ms="6193" status="PASS">
          <params>
            <param index="0">
              <value>
                <![CDATA[Windows]]>
              </value>
            </param>
            <param index="1">
              <value>
                <![CDATA[chrome]]>
              </value>
            </param>
          </params>
          <reporter-output>
          </reporter-output>
        </test-method> <!-- setup -->
        <test-method signature="createFundManager()[pri:0, instance:testCases.TC_005_BSKT_CreateFundManagerTest@5adb0db3]" started-at="2025-03-12T19:21:00 IST" name="createFundManager" finished-at="2025-03-12T19:21:11 IST" duration-ms="10633" status="PASS">
          <reporter-output>
          </reporter-output>
        </test-method> <!-- createFundManager -->
        <test-method is-config="true" signature="tearDown()[pri:0, instance:testCases.TC_005_BSKT_CreateFundManagerTest@5adb0db3]" started-at="2025-03-12T19:21:11 IST" name="tearDown" finished-at="2025-03-12T19:21:11 IST" duration-ms="578" status="PASS">
          <reporter-output>
          </reporter-output>
        </test-method> <!-- tearDown -->
      </class> <!-- testCases.TC_005_BSKT_CreateFundManagerTest -->
    </test> <!-- Test -->
  </suite> <!-- Master Suite -->
</testng-results>
