<?xml version="1.0" encoding="UTF-8"?>
<testng-results ignored="0" total="1" passed="1" failed="0" skipped="0">
  <reporter-output>
  </reporter-output>
  <suite started-at="2025-03-25T17:32:27 IST" name="Master Suite" finished-at="2025-03-25T17:32:42 IST" duration-ms="15179">
    <groups>
    </groups>
    <test started-at="2025-03-25T17:32:27 IST" name="Test" finished-at="2025-03-25T17:32:42 IST" duration-ms="15179">
      <class name="testCases.TC_018_AdminPausesBasketTest">
        <test-method is-config="true" signature="setup(java.lang.String,java.lang.String)[pri:0, instance:testCases.TC_018_AdminPausesBasketTest@22295ec4]" started-at="2025-03-25T17:32:27 IST" name="setup" finished-at="2025-03-25T17:32:32 IST" duration-ms="4801" status="PASS">
          <params>
            <param index="0">
              <value>
                <![CDATA[Windows]]>
              </value>
            </param>
            <param index="1">
              <value>
                <![CDATA[chrome]]>
              </value>
            </param>
          </params>
          <reporter-output>
          </reporter-output>
        </test-method> <!-- setup -->
        <test-method signature="testAdminPausesBasket()[pri:0, instance:testCases.TC_018_AdminPausesBasketTest@22295ec4]" started-at="2025-03-25T17:32:32 IST" name="testAdminPausesBasket" finished-at="2025-03-25T17:32:42 IST" duration-ms="9482" status="PASS">
          <reporter-output>
          </reporter-output>
        </test-method> <!-- testAdminPausesBasket -->
        <test-method is-config="true" signature="tearDown()[pri:0, instance:testCases.TC_018_AdminPausesBasketTest@22295ec4]" started-at="2025-03-25T17:32:42 IST" name="tearDown" finished-at="2025-03-25T17:32:42 IST" duration-ms="356" status="PASS">
          <reporter-output>
          </reporter-output>
        </test-method> <!-- tearDown -->
      </class> <!-- testCases.TC_018_AdminPausesBasketTest -->
    </test> <!-- Test -->
  </suite> <!-- Master Suite -->
</testng-results>
